
==========================================================================
02_croc.placed check_setup
--------------------------------------------------------------------------
1

==========================================================================
02_croc.placed report_tns
--------------------------------------------------------------------------
tns max 0.00

==========================================================================
02_croc.placed report_wns
--------------------------------------------------------------------------
wns max 0.00

==========================================================================
02_croc.placed report_worst_slack
--------------------------------------------------------------------------
worst slack max 0.35

==========================================================================
02_croc.placed report_checks -path_delay min
--------------------------------------------------------------------------
[WARNING STA-0168] unknown field nets.
Startpoint: i_croc_soc/i_rstgen.i_rstgen_bypass.synch_regs_q_3__reg
            (rising edge-triggered flip-flop clocked by clk_sys)
Endpoint: i_croc_soc/i_croc/i_core_wrap/i_core.load_store_unit_i.handle_misaligned_q_reg
          (removal check against rising-edge clock clk_sys)
Path Group: asynchronous
Path Type: min
Corner: ff

Fanout     Cap    Slew   Delay    Time   Description
-----------------------------------------------------------------------------
                  0.20    0.00    0.00   clock clk_sys (rise edge)
                          0.00    0.00   clock network delay (ideal)
                  0.20    0.00    0.00 ^ i_croc_soc/i_rstgen.i_rstgen_bypass.synch_regs_q_3__reg/CLK (sg13g2_dfrbpq_1)
     2    0.01    0.03    0.17    0.17 ^ i_croc_soc/i_rstgen.i_rstgen_bypass.synch_regs_q_3__reg/Q (sg13g2_dfrbpq_1)
                  0.03    0.00    0.17 ^ i_croc_soc/i_rstgen.i_rstgen_bypass.i_tc_clk_mux2_rst_no/i_mux/A0 (sg13g2_mux2_2)
     7    0.15    0.20    0.19    0.36 ^ i_croc_soc/i_rstgen.i_rstgen_bypass.i_tc_clk_mux2_rst_no/i_mux/X (sg13g2_mux2_2)
                  0.21    0.03    0.40 ^ place12751/A (sg13g2_buf_1)
     5    0.03    0.09    0.14    0.54 ^ place12751/X (sg13g2_buf_1)
                  0.09    0.00    0.54 ^ i_croc_soc/i_croc/i_core_wrap/i_core.load_store_unit_i.handle_misaligned_q_reg/RESET_B (sg13g2_dfrbpq_1)
                                  0.54   data arrival time

                  0.20    0.00    0.00   clock clk_sys (rise edge)
                          0.00    0.00   clock network delay (ideal)
                          0.10    0.10   clock uncertainty
                          0.00    0.10   clock reconvergence pessimism
                                  0.10 ^ i_croc_soc/i_croc/i_core_wrap/i_core.load_store_unit_i.handle_misaligned_q_reg/CLK (sg13g2_dfrbpq_1)
                         -0.06    0.04   library removal time
                                  0.04   data required time
-----------------------------------------------------------------------------
                                  0.04   data required time
                                 -0.54   data arrival time
-----------------------------------------------------------------------------
                                  0.50   slack (MET)


Startpoint: i_croc_soc/i_croc/i_dmi_jtag/i_dmi_cdc.i_cdc_req/i_src/i_sync/reg_q_1__reg
            (rising edge-triggered flip-flop clocked by clk_jtg)
Endpoint: i_croc_soc/i_croc/i_dmi_jtag/i_dmi_cdc.i_cdc_req/i_src/i_sync/serial_o_reg
          (rising edge-triggered flip-flop clocked by clk_jtg)
Path Group: clk_jtg
Path Type: min
Corner: ff

Fanout     Cap    Slew   Delay    Time   Description
-----------------------------------------------------------------------------
                  0.20    0.00    0.00   clock clk_jtg (rise edge)
                          0.00    0.00   clock network delay (ideal)
                  0.20    0.00    0.00 ^ i_croc_soc/i_croc/i_dmi_jtag/i_dmi_cdc.i_cdc_req/i_src/i_sync/reg_q_1__reg/CLK (sg13g2_dfrbpq_1)
     1    0.00    0.01    0.16    0.16 v i_croc_soc/i_croc/i_dmi_jtag/i_dmi_cdc.i_cdc_req/i_src/i_sync/reg_q_1__reg/Q (sg13g2_dfrbpq_1)
                  0.01    0.00    0.16 v i_croc_soc/i_croc/i_dmi_jtag/i_dmi_cdc.i_cdc_req/i_src/i_sync/serial_o_reg/D (sg13g2_dfrbpq_1)
                                  0.16   data arrival time

                  0.20    0.00    0.00   clock clk_jtg (rise edge)
                          0.00    0.00   clock network delay (ideal)
                          0.10    0.10   clock uncertainty
                          0.00    0.10   clock reconvergence pessimism
                                  0.10 ^ i_croc_soc/i_croc/i_dmi_jtag/i_dmi_cdc.i_cdc_req/i_src/i_sync/serial_o_reg/CLK (sg13g2_dfrbpq_1)
                          0.01    0.11   library hold time
                                  0.11   data required time
-----------------------------------------------------------------------------
                                  0.11   data required time
                                 -0.16   data arrival time
-----------------------------------------------------------------------------
                                  0.05   slack (MET)


Startpoint: i_croc_soc/i_croc/i_core_wrap/i_core.if_stage_i.prefetch_buffer_i.stored_addr_q_8__reg
            (rising edge-triggered flip-flop clocked by clk_sys)
Endpoint: i_croc_soc/i_croc/gen_sram_bank[0].i_sram/gen_512x32xBx1.i_cut
          (rising edge-triggered flip-flop clocked by clk_sys)
Path Group: clk_sys
Path Type: min
Corner: ff

Fanout     Cap    Slew   Delay    Time   Description
-----------------------------------------------------------------------------
                  0.20    0.00    0.00   clock clk_sys (rise edge)
                          0.00    0.00   clock network delay (ideal)
                  0.20    0.00    0.00 ^ i_croc_soc/i_croc/i_core_wrap/i_core.if_stage_i.prefetch_buffer_i.stored_addr_q_8__reg/CLK (sg13g2_dfrbpq_1)
     2    0.01    0.03    0.17    0.17 ^ i_croc_soc/i_croc/i_core_wrap/i_core.if_stage_i.prefetch_buffer_i.stored_addr_q_8__reg/Q (sg13g2_dfrbpq_1)
                  0.03    0.00    0.17 ^ i_croc_soc/i_croc/i_core_wrap/_8833_/A0 (sg13g2_mux2_1)
     5    0.03    0.09    0.12    0.29 ^ i_croc_soc/i_croc/i_core_wrap/_8833_/X (sg13g2_mux2_1)
                  0.09    0.00    0.29 ^ i_croc_soc/i_croc/_5486_/A (sg13g2_nand3_1)
     1    0.00    0.04    0.06    0.35 v i_croc_soc/i_croc/_5486_/Y (sg13g2_nand3_1)
                  0.04    0.00    0.35 v i_croc_soc/i_croc/_5487_/C (sg13g2_nand3_1)
     1    0.00    0.03    0.04    0.39 ^ i_croc_soc/i_croc/_5487_/Y (sg13g2_nand3_1)
                  0.03    0.00    0.39 ^ i_croc_soc/i_croc/_5491_/A (sg13g2_and2_1)
     1    0.00    0.02    0.06    0.44 ^ i_croc_soc/i_croc/_5491_/X (sg13g2_and2_1)
                  0.02    0.00    0.44 ^ place10284/A (sg13g2_buf_2)
     1    0.05    0.07    0.08    0.53 ^ place10284/X (sg13g2_buf_2)
                  0.09    0.01    0.53 ^ i_croc_soc/i_croc/gen_sram_bank[0].i_sram/gen_512x32xBx1.i_cut/A_ADDR[5] (RM_IHPSG13_1P_256x64_c2_bm_bist)
                                  0.53   data arrival time

                  0.20    0.00    0.00   clock clk_sys (rise edge)
                          0.00    0.00   clock network delay (ideal)
                          0.10    0.10   clock uncertainty
                          0.00    0.10   clock reconvergence pessimism
                                  0.10 ^ i_croc_soc/i_croc/gen_sram_bank[0].i_sram/gen_512x32xBx1.i_cut/A_CLK (RM_IHPSG13_1P_256x64_c2_bm_bist)
                          0.43    0.53   library hold time
                                  0.53   data required time
-----------------------------------------------------------------------------
                                  0.53   data required time
                                 -0.53   data arrival time
-----------------------------------------------------------------------------
                                  0.00   slack (MET)



==========================================================================
02_croc.placed report_checks -path_delay max
--------------------------------------------------------------------------
[WARNING STA-0168] unknown field nets.
Startpoint: i_croc_soc/i_rstgen.i_rstgen_bypass.synch_regs_q_3__reg
            (rising edge-triggered flip-flop clocked by clk_sys)
Endpoint: i_croc_soc/i_croc/i_soc_ctrl/core_status_q_23__reg
          (recovery check against rising-edge clock clk_sys)
Path Group: asynchronous
Path Type: max
Corner: tt

Fanout     Cap    Slew   Delay    Time   Description
-----------------------------------------------------------------------------
                  0.20    0.00    0.00   clock clk_sys (rise edge)
                          0.00    0.00   clock network delay (ideal)
                  0.20    0.00    0.00 ^ i_croc_soc/i_rstgen.i_rstgen_bypass.synch_regs_q_3__reg/CLK (sg13g2_dfrbpq_1)
     2    0.01    0.04    0.24    0.24 ^ i_croc_soc/i_rstgen.i_rstgen_bypass.synch_regs_q_3__reg/Q (sg13g2_dfrbpq_1)
                  0.04    0.00    0.24 ^ i_croc_soc/i_rstgen.i_rstgen_bypass.i_tc_clk_mux2_rst_no/i_mux/A0 (sg13g2_mux2_2)
     7    0.15    0.32    0.30    0.55 ^ i_croc_soc/i_rstgen.i_rstgen_bypass.i_tc_clk_mux2_rst_no/i_mux/X (sg13g2_mux2_2)
                  0.32    0.02    0.57 ^ place12480/A (sg13g2_buf_1)
     8    0.04    0.19    0.26    0.83 ^ place12480/X (sg13g2_buf_1)
                  0.19    0.00    0.83 ^ place12517/A (sg13g2_buf_1)
     8    0.11    0.46    0.41    1.23 ^ place12517/X (sg13g2_buf_1)
                  0.46    0.03    1.26 ^ place12546/A (sg13g2_buf_1)
     8    0.06    0.23    0.31    1.57 ^ place12546/X (sg13g2_buf_1)
                  0.23    0.00    1.57 ^ place12547/A (sg13g2_buf_1)
     8    0.05    0.22    0.27    1.84 ^ place12547/X (sg13g2_buf_1)
                  0.22    0.00    1.84 ^ place12559/A (sg13g2_buf_1)
     7    0.04    0.16    0.22    2.06 ^ place12559/X (sg13g2_buf_1)
                  0.16    0.00    2.06 ^ place12560/A (sg13g2_buf_1)
     7    0.04    0.17    0.21    2.28 ^ place12560/X (sg13g2_buf_1)
                  0.17    0.00    2.28 ^ place12561/A (sg13g2_buf_1)
     8    0.05    0.19    0.23    2.51 ^ place12561/X (sg13g2_buf_1)
                  0.19    0.00    2.51 ^ place12562/A (sg13g2_buf_1)
     8    0.05    0.21    0.25    2.75 ^ place12562/X (sg13g2_buf_1)
                  0.21    0.00    2.75 ^ i_croc_soc/i_croc/i_soc_ctrl/core_status_q_23__reg/RESET_B (sg13g2_dfrbpq_1)
                                  2.75   data arrival time

                  0.20   10.00   10.00   clock clk_sys (rise edge)
                          0.00   10.00   clock network delay (ideal)
                         -0.10    9.90   clock uncertainty
                          0.00    9.90   clock reconvergence pessimism
                                  9.90 ^ i_croc_soc/i_croc/i_soc_ctrl/core_status_q_23__reg/CLK (sg13g2_dfrbpq_1)
                         -0.15    9.75   library recovery time
                                  9.75   data required time
-----------------------------------------------------------------------------
                                  9.75   data required time
                                 -2.75   data arrival time
-----------------------------------------------------------------------------
                                  7.00   slack (MET)


Startpoint: i_croc_soc/i_croc/i_dmi_jtag/i_dmi_cdc.i_cdc_req/i_dst/async_ack_o_reg
            (rising edge-triggered flip-flop clocked by clk_sys)
Endpoint: i_croc_soc/i_croc/i_dm_top.i_dm_top/i_dm_csrs.progbuf_o_176__reg
          (rising edge-triggered flip-flop clocked by clk_sys)
Path Group: path delay
Path Type: max
Corner: tt

Fanout     Cap    Slew   Delay    Time   Description
-----------------------------------------------------------------------------
                  0.20    0.00    0.00 ^ i_croc_soc/i_croc/i_dmi_jtag/i_dmi_cdc.i_cdc_req/i_dst/async_ack_o_reg/CLK (sg13g2_dfrbpq_1)
     6    0.02    0.10    0.29    0.29 ^ i_croc_soc/i_croc/i_dmi_jtag/i_dmi_cdc.i_cdc_req/i_dst/async_ack_o_reg/Q (sg13g2_dfrbpq_1)
                  0.10    0.00    0.29 ^ i_croc_soc/i_croc/i_dmi_jtag/i_dmi_cdc.i_cdc_req/i_dst/_155_/A (sg13g2_xor2_1)
     1    0.00    0.06    0.12    0.41 ^ i_croc_soc/i_croc/i_dmi_jtag/i_dmi_cdc.i_cdc_req/i_dst/_155_/X (sg13g2_xor2_1)
                  0.06    0.00    0.41 ^ i_croc_soc/i_croc/i_dmi_jtag/i_dmi_cdc.i_cdc_req/_1_/B_N (sg13g2_nor2b_1)
     7    0.04    0.30    0.29    0.69 ^ i_croc_soc/i_croc/i_dmi_jtag/i_dmi_cdc.i_cdc_req/_1_/Y (sg13g2_nor2b_1)
                  0.30    0.00    0.70 ^ i_croc_soc/i_croc/i_dm_top.i_dm_top/_4499_/A (sg13g2_nand2_1)
     2    0.01    0.11    0.14    0.84 v i_croc_soc/i_croc/i_dm_top.i_dm_top/_4499_/Y (sg13g2_nand2_1)
                  0.11    0.00    0.84 v i_croc_soc/i_croc/i_dm_top.i_dm_top/_4500_/C (sg13g2_nor3_1)
     3    0.02    0.29    0.26    1.10 ^ i_croc_soc/i_croc/i_dm_top.i_dm_top/_4500_/Y (sg13g2_nor3_1)
                  0.29    0.00    1.10 ^ i_croc_soc/i_croc/i_dm_top.i_dm_top/_4502_/A (sg13g2_nand2_1)
     3    0.01    0.12    0.16    1.26 v i_croc_soc/i_croc/i_dm_top.i_dm_top/_4502_/Y (sg13g2_nand2_1)
                  0.12    0.00    1.26 v i_croc_soc/i_croc/i_dm_top.i_dm_top/_6008_/A1 (sg13g2_o21ai_1)
     7    0.02    0.27    0.27    1.54 ^ i_croc_soc/i_croc/i_dm_top.i_dm_top/_6008_/Y (sg13g2_o21ai_1)
                  0.27    0.00    1.54 ^ i_croc_soc/i_croc/i_dm_top.i_dm_top/_6266_/A (sg13g2_nand2_1)
     7    0.06    0.34    0.38    1.92 v i_croc_soc/i_croc/i_dm_top.i_dm_top/_6266_/Y (sg13g2_nand2_1)
                  0.34    0.00    1.92 v place11264/A (sg13g2_buf_4)
     8    0.04    0.06    0.19    2.11 v place11264/X (sg13g2_buf_4)
                  0.06    0.00    2.12 v place11270/A (sg13g2_buf_1)
     8    0.03    0.10    0.14    2.26 v place11270/X (sg13g2_buf_1)
                  0.10    0.00    2.26 v i_croc_soc/i_croc/i_dm_top.i_dm_top/_6325_/A1 (sg13g2_o21ai_1)
     1    0.00    0.07    0.11    2.37 ^ i_croc_soc/i_croc/i_dm_top.i_dm_top/_6325_/Y (sg13g2_o21ai_1)
                  0.07    0.00    2.37 ^ i_croc_soc/i_croc/i_dm_top.i_dm_top/i_dm_csrs.progbuf_o_176__reg/D (sg13g2_dfrbpq_1)
                                  2.37   data arrival time

                          3.00    3.00   max_delay
                         -0.10    2.90   library setup time
                                  2.90   data required time
-----------------------------------------------------------------------------
                                  2.90   data required time
                                 -2.37   data arrival time
-----------------------------------------------------------------------------
                                  0.53   slack (MET)


Startpoint: i_croc_soc/i_croc/i_dmi_jtag/td_o_reg
            (rising edge-triggered flip-flop clocked by clk_jtg')
Endpoint: jtag_tdo_o (output port clocked by clk_jtg)
Path Group: clk_jtg
Path Type: max
Corner: tt

Fanout     Cap    Slew   Delay    Time   Description
-----------------------------------------------------------------------------
                  0.20   12.50   12.50   clock clk_jtg' (rise edge)
                          0.00   12.50   clock network delay (ideal)
                  0.20    0.00   12.50 ^ i_croc_soc/i_croc/i_dmi_jtag/td_o_reg/CLK (sg13g2_dfrbpq_1)
     1    0.09    0.38    0.47   12.97 ^ i_croc_soc/i_croc/i_dmi_jtag/td_o_reg/Q (sg13g2_dfrbpq_1)
                  0.51    0.02   12.99 ^ pad_jtag_tdo_o/c2p (sg13g2_IOPadOut16mA)
     2   15.00    3.55    3.34   16.33 ^ pad_jtag_tdo_o/pad (sg13g2_IOPadOut16mA)
                  2.66    0.00   16.33 ^ jtag_tdo_o (out)
                                 16.33   data arrival time

                  0.20   25.00   25.00   clock clk_jtg (rise edge)
                          0.00   25.00   clock network delay (ideal)
                         -0.10   24.90   clock uncertainty
                          0.00   24.90   clock reconvergence pessimism
                         -5.00   19.90   output external delay
                                 19.90   data required time
-----------------------------------------------------------------------------
                                 19.90   data required time
                                -16.33   data arrival time
-----------------------------------------------------------------------------
                                  3.57   slack (MET)


Startpoint: i_croc_soc/i_croc/i_core_wrap/i_core.id_stage_i.controller_i.instr_i_15__reg
            (rising edge-triggered flip-flop clocked by clk_sys)
Endpoint: i_croc_soc/i_croc/i_core_wrap/i_core.crash_dump_o_39__reg
          (rising edge-triggered flip-flop clocked by clk_sys)
Path Group: clk_sys
Path Type: max
Corner: tt

Fanout     Cap    Slew   Delay    Time   Description
-----------------------------------------------------------------------------
                  0.20    0.00    0.00   clock clk_sys (rise edge)
                          0.00    0.00   clock network delay (ideal)
                  0.20    0.00    0.00 ^ i_croc_soc/i_croc/i_core_wrap/i_core.id_stage_i.controller_i.instr_i_15__reg/CLK (sg13g2_dfrbpq_1)
     7    0.05    0.20    0.36    0.36 ^ i_croc_soc/i_croc/i_core_wrap/i_core.id_stage_i.controller_i.instr_i_15__reg/Q (sg13g2_dfrbpq_1)
                  0.20    0.00    0.36 ^ place13816/A (sg13g2_buf_1)
     5    0.03    0.11    0.18    0.54 ^ place13816/X (sg13g2_buf_1)
                  0.11    0.00    0.54 ^ place13817/A (sg13g2_buf_1)
     8    0.04    0.17    0.20    0.74 ^ place13817/X (sg13g2_buf_1)
                  0.17    0.00    0.74 ^ place13822/A (sg13g2_buf_1)
     5    0.02    0.10    0.16    0.91 ^ place13822/X (sg13g2_buf_1)
                  0.10    0.00    0.91 ^ place13823/A (sg13g2_buf_1)
     6    0.03    0.14    0.18    1.09 ^ place13823/X (sg13g2_buf_1)
                  0.14    0.00    1.09 ^ i_croc_soc/i_croc/i_core_wrap/i_core.register_file_i/_3357_/S (sg13g2_mux2_1)
     1    0.00    0.04    0.19    1.28 v i_croc_soc/i_croc/i_core_wrap/i_core.register_file_i/_3357_/X (sg13g2_mux2_1)
                  0.04    0.00    1.28 v i_croc_soc/i_croc/i_core_wrap/i_core.register_file_i/_3360_/A2 (sg13g2_a22oi_1)
     1    0.00    0.08    0.09    1.37 ^ i_croc_soc/i_croc/i_core_wrap/i_core.register_file_i/_3360_/Y (sg13g2_a22oi_1)
                  0.08    0.00    1.37 ^ i_croc_soc/i_croc/i_core_wrap/i_core.register_file_i/_3364_/A1 (sg13g2_a21o_1)
     1    0.00    0.03    0.12    1.48 ^ i_croc_soc/i_croc/i_core_wrap/i_core.register_file_i/_3364_/X (sg13g2_a21o_1)
                  0.03    0.00    1.48 ^ i_croc_soc/i_croc/i_core_wrap/i_core.register_file_i/_3383_/D (sg13g2_nand4_1)
     1    0.02    0.24    0.23    1.71 v i_croc_soc/i_croc/i_core_wrap/i_core.register_file_i/_3383_/Y (sg13g2_nand4_1)
                  0.24    0.00    1.71 v place11932/A (sg13g2_buf_1)
     2    0.02    0.08    0.17    1.88 v place11932/X (sg13g2_buf_1)
                  0.08    0.00    1.88 v i_croc_soc/i_croc/i_core_wrap/_5603_/A (sg13g2_inv_1)
     1    0.01    0.04    0.05    1.93 ^ i_croc_soc/i_croc/i_core_wrap/_5603_/Y (sg13g2_inv_1)
                  0.04    0.00    1.93 ^ i_croc_soc/i_croc/i_core_wrap/_5604_/A1 (sg13g2_a21oi_1)
     1    0.00    0.06    0.06    1.99 v i_croc_soc/i_croc/i_core_wrap/_5604_/Y (sg13g2_a21oi_1)
                  0.06    0.00    1.99 v i_croc_soc/i_croc/i_core_wrap/_5607_/A1 (sg13g2_o21ai_1)
     1    0.00    0.08    0.11    2.10 ^ i_croc_soc/i_croc/i_core_wrap/_5607_/Y (sg13g2_o21ai_1)
                  0.08    0.00    2.10 ^ i_croc_soc/i_croc/i_core_wrap/_5610_/A2 (sg13g2_a21oi_1)
     2    0.01    0.11    0.13    2.23 v i_croc_soc/i_croc/i_core_wrap/_5610_/Y (sg13g2_a21oi_1)
                  0.11    0.00    2.23 v i_croc_soc/i_croc/i_core_wrap/_5681_/B (sg13g2_xnor2_1)
     3    0.02    0.12    0.17    2.40 v i_croc_soc/i_croc/i_core_wrap/_5681_/Y (sg13g2_xnor2_1)
                  0.12    0.00    2.40 v i_croc_soc/i_croc/i_core_wrap/_5825_/B (sg13g2_nor4_2)
     2    0.01    0.17    0.20    2.60 ^ i_croc_soc/i_croc/i_core_wrap/_5825_/Y (sg13g2_nor4_2)
                  0.17    0.00    2.60 ^ i_croc_soc/i_croc/i_core_wrap/_5826_/D (sg13g2_nand4_1)
     1    0.00    0.09    0.15    2.75 v i_croc_soc/i_croc/i_core_wrap/_5826_/Y (sg13g2_nand4_1)
                  0.09    0.00    2.75 v i_croc_soc/i_croc/i_core_wrap/_5827_/B1 (sg13g2_a21o_1)
     1    0.00    0.03    0.13    2.88 v i_croc_soc/i_croc/i_core_wrap/_5827_/X (sg13g2_a21o_1)
                  0.03    0.00    2.88 v i_croc_soc/i_croc/i_core_wrap/_5838_/A2 (sg13g2_a22oi_1)
     3    0.02    0.18    0.16    3.04 ^ i_croc_soc/i_croc/i_core_wrap/_5838_/Y (sg13g2_a22oi_1)
                  0.18    0.00    3.04 ^ i_croc_soc/i_croc/i_core_wrap/_6027_/B1 (sg13g2_a21oi_2)
     5    0.03    0.11    0.12    3.16 v i_croc_soc/i_croc/i_core_wrap/_6027_/Y (sg13g2_a21oi_2)
                  0.11    0.00    3.16 v i_croc_soc/i_croc/i_core_wrap/_6234_/A1 (sg13g2_o21ai_1)
     3    0.01    0.15    0.17    3.33 ^ i_croc_soc/i_croc/i_core_wrap/_6234_/Y (sg13g2_o21ai_1)
                  0.15    0.00    3.33 ^ i_croc_soc/i_croc/i_core_wrap/_6239_/A1 (sg13g2_a221oi_1)
     2    0.01    0.11    0.14    3.47 v i_croc_soc/i_croc/i_core_wrap/_6239_/Y (sg13g2_a221oi_1)
                  0.11    0.00    3.47 v i_croc_soc/i_croc/i_core_wrap/_6252_/A0 (sg13g2_mux2_1)
     1    0.01    0.04    0.15    3.62 v i_croc_soc/i_croc/i_core_wrap/_6252_/X (sg13g2_mux2_1)
                  0.04    0.00    3.62 v i_croc_soc/i_croc/i_core_wrap/_6253_/B (sg13g2_xor2_1)
     2    0.03    0.20    0.18    3.80 v i_croc_soc/i_croc/i_core_wrap/_6253_/X (sg13g2_xor2_1)
                  0.20    0.00    3.80 v i_croc_soc/i_croc/i_core_wrap/_7189_/A2 (sg13g2_a221oi_1)
     1    0.00    0.13    0.20    4.01 ^ i_croc_soc/i_croc/i_core_wrap/_7189_/Y (sg13g2_a221oi_1)
                  0.13    0.00    4.01 ^ i_croc_soc/i_croc/i_core_wrap/_7191_/A (sg13g2_nor2_1)
     4    0.01    0.08    0.11    4.11 v i_croc_soc/i_croc/i_core_wrap/_7191_/Y (sg13g2_nor2_1)
                  0.08    0.00    4.11 v i_croc_soc/i_croc/i_core_wrap/_8382_/A_N (sg13g2_nand2b_1)
     4    0.01    0.09    0.14    4.25 v i_croc_soc/i_croc/i_core_wrap/_8382_/Y (sg13g2_nand2b_1)
                  0.09    0.00    4.25 v i_croc_soc/i_croc/i_core_wrap/_8802_/A1 (sg13g2_mux2_1)
     6    0.03    0.11    0.22    4.47 v i_croc_soc/i_croc/i_core_wrap/_8802_/X (sg13g2_mux2_1)
                  0.11    0.00    4.47 v i_croc_soc/i_croc/_3666_/D (sg13g2_nor4_1)
     1    0.00    0.14    0.14    4.60 ^ i_croc_soc/i_croc/_3666_/Y (sg13g2_nor4_1)
                  0.14    0.00    4.60 ^ i_croc_soc/i_croc/_3669_/B (sg13g2_nand4_1)
     3    0.02    0.22    0.24    4.85 v i_croc_soc/i_croc/_3669_/Y (sg13g2_nand4_1)
                  0.22    0.00    4.85 v i_croc_soc/i_croc/_3680_/B (sg13g2_nor3_2)
     5    0.02    0.16    0.19    5.04 ^ i_croc_soc/i_croc/_3680_/Y (sg13g2_nor3_2)
                  0.16    0.00    5.04 ^ i_croc_soc/i_croc/_3689_/A (sg13g2_nand3_1)
     1    0.00    0.08    0.10    5.14 v i_croc_soc/i_croc/_3689_/Y (sg13g2_nand3_1)
                  0.08    0.00    5.14 v i_croc_soc/i_croc/_3691_/C (sg13g2_nand4_1)
     2    0.01    0.06    0.08    5.22 ^ i_croc_soc/i_croc/_3691_/Y (sg13g2_nand4_1)
                  0.06    0.00    5.22 ^ i_croc_soc/i_croc/_3716_/B (sg13g2_nand3_1)
     3    0.01    0.17    0.14    5.36 v i_croc_soc/i_croc/_3716_/Y (sg13g2_nand3_1)
                  0.17    0.00    5.36 v i_croc_soc/i_croc/_3839_/A (sg13g2_nand2_2)
     8    0.03    0.10    0.12    5.48 ^ i_croc_soc/i_croc/_3839_/Y (sg13g2_nand2_2)
                  0.10    0.00    5.48 ^ i_croc_soc/i_croc/_5967_/D (sg13g2_nor4_1)
     1    0.00    0.06    0.06    5.54 v i_croc_soc/i_croc/_5967_/Y (sg13g2_nor4_1)
                  0.06    0.00    5.54 v i_croc_soc/i_croc/_5968_/B1 (sg13g2_a21oi_1)
     3    0.01    0.13    0.13    5.67 ^ i_croc_soc/i_croc/_5968_/Y (sg13g2_a21oi_1)
                  0.13    0.00    5.67 ^ i_croc_soc/i_croc/_5969_/A (sg13g2_inv_1)
     3    0.01    0.06    0.08    5.76 v i_croc_soc/i_croc/_5969_/Y (sg13g2_inv_1)
                  0.06    0.00    5.76 v i_croc_soc/i_croc/_5973_/A (sg13g2_or2_1)
     3    0.01    0.05    0.13    5.89 v i_croc_soc/i_croc/_5973_/X (sg13g2_or2_1)
                  0.05    0.00    5.89 v i_croc_soc/i_croc/_5974_/B (sg13g2_nand2_1)
     2    0.01    0.05    0.06    5.95 ^ i_croc_soc/i_croc/_5974_/Y (sg13g2_nand2_1)
                  0.05    0.00    5.95 ^ i_croc_soc/i_croc/_5977_/A (sg13g2_and2_2)
     8    0.04    0.11    0.17    6.11 ^ i_croc_soc/i_croc/_5977_/X (sg13g2_and2_2)
                  0.11    0.00    6.12 ^ place10355/A (sg13g2_buf_1)
     8    0.03    0.11    0.16    6.27 ^ place10355/X (sg13g2_buf_1)
                  0.11    0.00    6.27 ^ place10358/A (sg13g2_buf_1)
     8    0.03    0.15    0.18    6.46 ^ place10358/X (sg13g2_buf_1)
                  0.15    0.00    6.46 ^ i_croc_soc/i_croc/_7530_/A (sg13g2_nand3_1)
     1    0.01    0.09    0.11    6.57 v i_croc_soc/i_croc/_7530_/Y (sg13g2_nand3_1)
                  0.09    0.00    6.57 v i_croc_soc/i_croc/_7531_/B (sg13g2_and2_1)
     1    0.00    0.03    0.10    6.67 v i_croc_soc/i_croc/_7531_/X (sg13g2_and2_1)
                  0.03    0.00    6.67 v i_croc_soc/i_user/_099_/D (sg13g2_nor4_1)
     1    0.00    0.14    0.12    6.79 ^ i_croc_soc/i_user/_099_/Y (sg13g2_nor4_1)
                  0.14    0.00    6.79 ^ i_croc_soc/i_user/_102_/B (sg13g2_nand4_1)
     1    0.01    0.14    0.17    6.95 v i_croc_soc/i_user/_102_/Y (sg13g2_nand4_1)
                  0.14    0.00    6.95 v i_croc_soc/i_user/_103_/B (sg13g2_nor4_2)
     3    0.01    0.17    0.22    7.17 ^ i_croc_soc/i_user/_103_/Y (sg13g2_nor4_2)
                  0.17    0.00    7.17 ^ i_croc_soc/i_user/_104_/S (sg13g2_mux2_1)
     1    0.01    0.05    0.22    7.39 v i_croc_soc/i_user/_104_/X (sg13g2_mux2_1)
                  0.05    0.00    7.39 v i_croc_soc/i_user/_105_/S (sg13g2_mux2_2)
     3    0.01    0.05    0.16    7.55 v i_croc_soc/i_user/_105_/X (sg13g2_mux2_2)
                  0.05    0.00    7.55 v i_croc_soc/i_user/_139_/B (sg13g2_nor2_1)
     2    0.01    0.10    0.10    7.65 ^ i_croc_soc/i_user/_139_/Y (sg13g2_nor2_1)
                  0.10    0.00    7.65 ^ i_croc_soc/i_croc/_5966_/B (sg13g2_nand2_2)
     2    0.01    0.04    0.07    7.72 v i_croc_soc/i_croc/_5966_/Y (sg13g2_nand2_2)
                  0.04    0.00    7.72 v i_croc_soc/i_croc/_6504_/A (sg13g2_nor2_1)
     2    0.02    0.16    0.14    7.87 ^ i_croc_soc/i_croc/_6504_/Y (sg13g2_nor2_1)
                  0.16    0.00    7.87 ^ i_croc_soc/i_croc/_6511_/A1 (sg13g2_a21oi_1)
     1    0.00    0.07    0.10    7.96 v i_croc_soc/i_croc/_6511_/Y (sg13g2_a21oi_1)
                  0.07    0.00    7.97 v i_croc_soc/i_croc/_6512_/B1 (sg13g2_o21ai_1)
     2    0.01    0.11    0.06    8.03 ^ i_croc_soc/i_croc/_6512_/Y (sg13g2_o21ai_1)
                  0.11    0.00    8.03 ^ i_croc_soc/i_croc/_6518_/D (sg13g2_and4_1)
     1    0.00    0.05    0.18    8.21 ^ i_croc_soc/i_croc/_6518_/X (sg13g2_and4_1)
                  0.05    0.00    8.21 ^ i_croc_soc/i_croc/_6519_/B2 (sg13g2_a22oi_1)
     3    0.02    0.12    0.11    8.32 v i_croc_soc/i_croc/_6519_/Y (sg13g2_a22oi_1)
                  0.12    0.00    8.32 v i_croc_soc/i_croc/_6529_/A (sg13g2_nor2_2)
     2    0.02    0.09    0.12    8.44 ^ i_croc_soc/i_croc/_6529_/Y (sg13g2_nor2_2)
                  0.09    0.00    8.44 ^ i_croc_soc/i_croc/i_core_wrap/_6731_/A (sg13g2_inv_1)
     3    0.01    0.05    0.07    8.52 v i_croc_soc/i_croc/i_core_wrap/_6731_/Y (sg13g2_inv_1)
                  0.05    0.00    8.52 v i_croc_soc/i_croc/i_core_wrap/_6738_/A (sg13g2_nor2_1)
     1    0.00    0.07    0.07    8.59 ^ i_croc_soc/i_croc/i_core_wrap/_6738_/Y (sg13g2_nor2_1)
                  0.07    0.00    8.59 ^ i_croc_soc/i_croc/i_core_wrap/_6740_/A2 (sg13g2_a21oi_1)
     1    0.01    0.07    0.08    8.67 v i_croc_soc/i_croc/i_core_wrap/_6740_/Y (sg13g2_a21oi_1)
                  0.07    0.00    8.67 v i_croc_soc/i_croc/i_core_wrap/_6742_/B (sg13g2_nor3_1)
     1    0.00    0.10    0.12    8.80 ^ i_croc_soc/i_croc/i_core_wrap/_6742_/Y (sg13g2_nor3_1)
                  0.10    0.00    8.80 ^ i_croc_soc/i_croc/i_core_wrap/_6743_/B1 (sg13g2_a21oi_1)
     1    0.00    0.06    0.06    8.85 v i_croc_soc/i_croc/i_core_wrap/_6743_/Y (sg13g2_a21oi_1)
                  0.06    0.00    8.85 v i_croc_soc/i_croc/i_core_wrap/_6744_/B1 (sg13g2_o21ai_1)
     1    0.00    0.11    0.06    8.91 ^ i_croc_soc/i_croc/i_core_wrap/_6744_/Y (sg13g2_o21ai_1)
                  0.11    0.00    8.91 ^ i_croc_soc/i_croc/i_core_wrap/_6745_/B1 (sg13g2_o21ai_1)
     2    0.01    0.07    0.09    9.00 v i_croc_soc/i_croc/i_core_wrap/_6745_/Y (sg13g2_o21ai_1)
                  0.07    0.00    9.00 v place9953/A (sg13g2_buf_1)
     6    0.02    0.08    0.13    9.13 v place9953/X (sg13g2_buf_1)
                  0.08    0.00    9.13 v place9956/A (sg13g2_buf_1)
     8    0.04    0.12    0.17    9.30 v place9956/X (sg13g2_buf_1)
                  0.12    0.00    9.30 v i_croc_soc/i_croc/i_core_wrap/_6760_/S (sg13g2_mux2_1)
     1    0.00    0.04    0.16    9.46 ^ i_croc_soc/i_croc/i_core_wrap/_6760_/X (sg13g2_mux2_1)
                  0.04    0.00    9.46 ^ i_croc_soc/i_croc/i_core_wrap/i_core.crash_dump_o_39__reg/D (sg13g2_dfrbpq_1)
                                  9.46   data arrival time

                  0.20   10.00   10.00   clock clk_sys (rise edge)
                          0.00   10.00   clock network delay (ideal)
                         -0.10    9.90   clock uncertainty
                          0.00    9.90   clock reconvergence pessimism
                                  9.90 ^ i_croc_soc/i_croc/i_core_wrap/i_core.crash_dump_o_39__reg/CLK (sg13g2_dfrbpq_1)
                         -0.09    9.81   library setup time
                                  9.81   data required time
-----------------------------------------------------------------------------
                                  9.81   data required time
                                 -9.46   data arrival time
-----------------------------------------------------------------------------
                                  0.35   slack (MET)



==========================================================================
02_croc.placed report_checks -unconstrained
--------------------------------------------------------------------------
[WARNING STA-0168] unknown field nets.
Startpoint: i_croc_soc/i_rstgen.i_rstgen_bypass.synch_regs_q_3__reg
            (rising edge-triggered flip-flop clocked by clk_sys)
Endpoint: i_croc_soc/i_croc/i_soc_ctrl/core_status_q_23__reg
          (recovery check against rising-edge clock clk_sys)
Path Group: asynchronous
Path Type: max
Corner: tt

Fanout     Cap    Slew   Delay    Time   Description
-----------------------------------------------------------------------------
                  0.20    0.00    0.00   clock clk_sys (rise edge)
                          0.00    0.00   clock network delay (ideal)
                  0.20    0.00    0.00 ^ i_croc_soc/i_rstgen.i_rstgen_bypass.synch_regs_q_3__reg/CLK (sg13g2_dfrbpq_1)
     2    0.01    0.04    0.24    0.24 ^ i_croc_soc/i_rstgen.i_rstgen_bypass.synch_regs_q_3__reg/Q (sg13g2_dfrbpq_1)
                  0.04    0.00    0.24 ^ i_croc_soc/i_rstgen.i_rstgen_bypass.i_tc_clk_mux2_rst_no/i_mux/A0 (sg13g2_mux2_2)
     7    0.15    0.32    0.30    0.55 ^ i_croc_soc/i_rstgen.i_rstgen_bypass.i_tc_clk_mux2_rst_no/i_mux/X (sg13g2_mux2_2)
                  0.32    0.02    0.57 ^ place12480/A (sg13g2_buf_1)
     8    0.04    0.19    0.26    0.83 ^ place12480/X (sg13g2_buf_1)
                  0.19    0.00    0.83 ^ place12517/A (sg13g2_buf_1)
     8    0.11    0.46    0.41    1.23 ^ place12517/X (sg13g2_buf_1)
                  0.46    0.03    1.26 ^ place12546/A (sg13g2_buf_1)
     8    0.06    0.23    0.31    1.57 ^ place12546/X (sg13g2_buf_1)
                  0.23    0.00    1.57 ^ place12547/A (sg13g2_buf_1)
     8    0.05    0.22    0.27    1.84 ^ place12547/X (sg13g2_buf_1)
                  0.22    0.00    1.84 ^ place12559/A (sg13g2_buf_1)
     7    0.04    0.16    0.22    2.06 ^ place12559/X (sg13g2_buf_1)
                  0.16    0.00    2.06 ^ place12560/A (sg13g2_buf_1)
     7    0.04    0.17    0.21    2.28 ^ place12560/X (sg13g2_buf_1)
                  0.17    0.00    2.28 ^ place12561/A (sg13g2_buf_1)
     8    0.05    0.19    0.23    2.51 ^ place12561/X (sg13g2_buf_1)
                  0.19    0.00    2.51 ^ place12562/A (sg13g2_buf_1)
     8    0.05    0.21    0.25    2.75 ^ place12562/X (sg13g2_buf_1)
                  0.21    0.00    2.75 ^ i_croc_soc/i_croc/i_soc_ctrl/core_status_q_23__reg/RESET_B (sg13g2_dfrbpq_1)
                                  2.75   data arrival time

                  0.20   10.00   10.00   clock clk_sys (rise edge)
                          0.00   10.00   clock network delay (ideal)
                         -0.10    9.90   clock uncertainty
                          0.00    9.90   clock reconvergence pessimism
                                  9.90 ^ i_croc_soc/i_croc/i_soc_ctrl/core_status_q_23__reg/CLK (sg13g2_dfrbpq_1)
                         -0.15    9.75   library recovery time
                                  9.75   data required time
-----------------------------------------------------------------------------
                                  9.75   data required time
                                 -2.75   data arrival time
-----------------------------------------------------------------------------
                                  7.00   slack (MET)


Startpoint: i_croc_soc/i_croc/i_dmi_jtag/i_dmi_cdc.i_cdc_req/i_dst/async_ack_o_reg
            (rising edge-triggered flip-flop clocked by clk_sys)
Endpoint: i_croc_soc/i_croc/i_dm_top.i_dm_top/i_dm_csrs.progbuf_o_176__reg
          (rising edge-triggered flip-flop clocked by clk_sys)
Path Group: path delay
Path Type: max
Corner: tt

Fanout     Cap    Slew   Delay    Time   Description
-----------------------------------------------------------------------------
                  0.20    0.00    0.00 ^ i_croc_soc/i_croc/i_dmi_jtag/i_dmi_cdc.i_cdc_req/i_dst/async_ack_o_reg/CLK (sg13g2_dfrbpq_1)
     6    0.02    0.10    0.29    0.29 ^ i_croc_soc/i_croc/i_dmi_jtag/i_dmi_cdc.i_cdc_req/i_dst/async_ack_o_reg/Q (sg13g2_dfrbpq_1)
                  0.10    0.00    0.29 ^ i_croc_soc/i_croc/i_dmi_jtag/i_dmi_cdc.i_cdc_req/i_dst/_155_/A (sg13g2_xor2_1)
     1    0.00    0.06    0.12    0.41 ^ i_croc_soc/i_croc/i_dmi_jtag/i_dmi_cdc.i_cdc_req/i_dst/_155_/X (sg13g2_xor2_1)
                  0.06    0.00    0.41 ^ i_croc_soc/i_croc/i_dmi_jtag/i_dmi_cdc.i_cdc_req/_1_/B_N (sg13g2_nor2b_1)
     7    0.04    0.30    0.29    0.69 ^ i_croc_soc/i_croc/i_dmi_jtag/i_dmi_cdc.i_cdc_req/_1_/Y (sg13g2_nor2b_1)
                  0.30    0.00    0.70 ^ i_croc_soc/i_croc/i_dm_top.i_dm_top/_4499_/A (sg13g2_nand2_1)
     2    0.01    0.11    0.14    0.84 v i_croc_soc/i_croc/i_dm_top.i_dm_top/_4499_/Y (sg13g2_nand2_1)
                  0.11    0.00    0.84 v i_croc_soc/i_croc/i_dm_top.i_dm_top/_4500_/C (sg13g2_nor3_1)
     3    0.02    0.29    0.26    1.10 ^ i_croc_soc/i_croc/i_dm_top.i_dm_top/_4500_/Y (sg13g2_nor3_1)
                  0.29    0.00    1.10 ^ i_croc_soc/i_croc/i_dm_top.i_dm_top/_4502_/A (sg13g2_nand2_1)
     3    0.01    0.12    0.16    1.26 v i_croc_soc/i_croc/i_dm_top.i_dm_top/_4502_/Y (sg13g2_nand2_1)
                  0.12    0.00    1.26 v i_croc_soc/i_croc/i_dm_top.i_dm_top/_6008_/A1 (sg13g2_o21ai_1)
     7    0.02    0.27    0.27    1.54 ^ i_croc_soc/i_croc/i_dm_top.i_dm_top/_6008_/Y (sg13g2_o21ai_1)
                  0.27    0.00    1.54 ^ i_croc_soc/i_croc/i_dm_top.i_dm_top/_6266_/A (sg13g2_nand2_1)
     7    0.06    0.34    0.38    1.92 v i_croc_soc/i_croc/i_dm_top.i_dm_top/_6266_/Y (sg13g2_nand2_1)
                  0.34    0.00    1.92 v place11264/A (sg13g2_buf_4)
     8    0.04    0.06    0.19    2.11 v place11264/X (sg13g2_buf_4)
                  0.06    0.00    2.12 v place11270/A (sg13g2_buf_1)
     8    0.03    0.10    0.14    2.26 v place11270/X (sg13g2_buf_1)
                  0.10    0.00    2.26 v i_croc_soc/i_croc/i_dm_top.i_dm_top/_6325_/A1 (sg13g2_o21ai_1)
     1    0.00    0.07    0.11    2.37 ^ i_croc_soc/i_croc/i_dm_top.i_dm_top/_6325_/Y (sg13g2_o21ai_1)
                  0.07    0.00    2.37 ^ i_croc_soc/i_croc/i_dm_top.i_dm_top/i_dm_csrs.progbuf_o_176__reg/D (sg13g2_dfrbpq_1)
                                  2.37   data arrival time

                          3.00    3.00   max_delay
                         -0.10    2.90   library setup time
                                  2.90   data required time
-----------------------------------------------------------------------------
                                  2.90   data required time
                                 -2.37   data arrival time
-----------------------------------------------------------------------------
                                  0.53   slack (MET)


Startpoint: i_croc_soc/i_croc/i_dmi_jtag/td_o_reg
            (rising edge-triggered flip-flop clocked by clk_jtg')
Endpoint: jtag_tdo_o (output port clocked by clk_jtg)
Path Group: clk_jtg
Path Type: max
Corner: tt

Fanout     Cap    Slew   Delay    Time   Description
-----------------------------------------------------------------------------
                  0.20   12.50   12.50   clock clk_jtg' (rise edge)
                          0.00   12.50   clock network delay (ideal)
                  0.20    0.00   12.50 ^ i_croc_soc/i_croc/i_dmi_jtag/td_o_reg/CLK (sg13g2_dfrbpq_1)
     1    0.09    0.38    0.47   12.97 ^ i_croc_soc/i_croc/i_dmi_jtag/td_o_reg/Q (sg13g2_dfrbpq_1)
                  0.51    0.02   12.99 ^ pad_jtag_tdo_o/c2p (sg13g2_IOPadOut16mA)
     2   15.00    3.55    3.34   16.33 ^ pad_jtag_tdo_o/pad (sg13g2_IOPadOut16mA)
                  2.66    0.00   16.33 ^ jtag_tdo_o (out)
                                 16.33   data arrival time

                  0.20   25.00   25.00   clock clk_jtg (rise edge)
                          0.00   25.00   clock network delay (ideal)
                         -0.10   24.90   clock uncertainty
                          0.00   24.90   clock reconvergence pessimism
                         -5.00   19.90   output external delay
                                 19.90   data required time
-----------------------------------------------------------------------------
                                 19.90   data required time
                                -16.33   data arrival time
-----------------------------------------------------------------------------
                                  3.57   slack (MET)


Startpoint: i_croc_soc/i_croc/i_core_wrap/i_core.id_stage_i.controller_i.instr_i_15__reg
            (rising edge-triggered flip-flop clocked by clk_sys)
Endpoint: i_croc_soc/i_croc/i_core_wrap/i_core.crash_dump_o_39__reg
          (rising edge-triggered flip-flop clocked by clk_sys)
Path Group: clk_sys
Path Type: max
Corner: tt

Fanout     Cap    Slew   Delay    Time   Description
-----------------------------------------------------------------------------
                  0.20    0.00    0.00   clock clk_sys (rise edge)
                          0.00    0.00   clock network delay (ideal)
                  0.20    0.00    0.00 ^ i_croc_soc/i_croc/i_core_wrap/i_core.id_stage_i.controller_i.instr_i_15__reg/CLK (sg13g2_dfrbpq_1)
     7    0.05    0.20    0.36    0.36 ^ i_croc_soc/i_croc/i_core_wrap/i_core.id_stage_i.controller_i.instr_i_15__reg/Q (sg13g2_dfrbpq_1)
                  0.20    0.00    0.36 ^ place13816/A (sg13g2_buf_1)
     5    0.03    0.11    0.18    0.54 ^ place13816/X (sg13g2_buf_1)
                  0.11    0.00    0.54 ^ place13817/A (sg13g2_buf_1)
     8    0.04    0.17    0.20    0.74 ^ place13817/X (sg13g2_buf_1)
                  0.17    0.00    0.74 ^ place13822/A (sg13g2_buf_1)
     5    0.02    0.10    0.16    0.91 ^ place13822/X (sg13g2_buf_1)
                  0.10    0.00    0.91 ^ place13823/A (sg13g2_buf_1)
     6    0.03    0.14    0.18    1.09 ^ place13823/X (sg13g2_buf_1)
                  0.14    0.00    1.09 ^ i_croc_soc/i_croc/i_core_wrap/i_core.register_file_i/_3357_/S (sg13g2_mux2_1)
     1    0.00    0.04    0.19    1.28 v i_croc_soc/i_croc/i_core_wrap/i_core.register_file_i/_3357_/X (sg13g2_mux2_1)
                  0.04    0.00    1.28 v i_croc_soc/i_croc/i_core_wrap/i_core.register_file_i/_3360_/A2 (sg13g2_a22oi_1)
     1    0.00    0.08    0.09    1.37 ^ i_croc_soc/i_croc/i_core_wrap/i_core.register_file_i/_3360_/Y (sg13g2_a22oi_1)
                  0.08    0.00    1.37 ^ i_croc_soc/i_croc/i_core_wrap/i_core.register_file_i/_3364_/A1 (sg13g2_a21o_1)
     1    0.00    0.03    0.12    1.48 ^ i_croc_soc/i_croc/i_core_wrap/i_core.register_file_i/_3364_/X (sg13g2_a21o_1)
                  0.03    0.00    1.48 ^ i_croc_soc/i_croc/i_core_wrap/i_core.register_file_i/_3383_/D (sg13g2_nand4_1)
     1    0.02    0.24    0.23    1.71 v i_croc_soc/i_croc/i_core_wrap/i_core.register_file_i/_3383_/Y (sg13g2_nand4_1)
                  0.24    0.00    1.71 v place11932/A (sg13g2_buf_1)
     2    0.02    0.08    0.17    1.88 v place11932/X (sg13g2_buf_1)
                  0.08    0.00    1.88 v i_croc_soc/i_croc/i_core_wrap/_5603_/A (sg13g2_inv_1)
     1    0.01    0.04    0.05    1.93 ^ i_croc_soc/i_croc/i_core_wrap/_5603_/Y (sg13g2_inv_1)
                  0.04    0.00    1.93 ^ i_croc_soc/i_croc/i_core_wrap/_5604_/A1 (sg13g2_a21oi_1)
     1    0.00    0.06    0.06    1.99 v i_croc_soc/i_croc/i_core_wrap/_5604_/Y (sg13g2_a21oi_1)
                  0.06    0.00    1.99 v i_croc_soc/i_croc/i_core_wrap/_5607_/A1 (sg13g2_o21ai_1)
     1    0.00    0.08    0.11    2.10 ^ i_croc_soc/i_croc/i_core_wrap/_5607_/Y (sg13g2_o21ai_1)
                  0.08    0.00    2.10 ^ i_croc_soc/i_croc/i_core_wrap/_5610_/A2 (sg13g2_a21oi_1)
     2    0.01    0.11    0.13    2.23 v i_croc_soc/i_croc/i_core_wrap/_5610_/Y (sg13g2_a21oi_1)
                  0.11    0.00    2.23 v i_croc_soc/i_croc/i_core_wrap/_5681_/B (sg13g2_xnor2_1)
     3    0.02    0.12    0.17    2.40 v i_croc_soc/i_croc/i_core_wrap/_5681_/Y (sg13g2_xnor2_1)
                  0.12    0.00    2.40 v i_croc_soc/i_croc/i_core_wrap/_5825_/B (sg13g2_nor4_2)
     2    0.01    0.17    0.20    2.60 ^ i_croc_soc/i_croc/i_core_wrap/_5825_/Y (sg13g2_nor4_2)
                  0.17    0.00    2.60 ^ i_croc_soc/i_croc/i_core_wrap/_5826_/D (sg13g2_nand4_1)
     1    0.00    0.09    0.15    2.75 v i_croc_soc/i_croc/i_core_wrap/_5826_/Y (sg13g2_nand4_1)
                  0.09    0.00    2.75 v i_croc_soc/i_croc/i_core_wrap/_5827_/B1 (sg13g2_a21o_1)
     1    0.00    0.03    0.13    2.88 v i_croc_soc/i_croc/i_core_wrap/_5827_/X (sg13g2_a21o_1)
                  0.03    0.00    2.88 v i_croc_soc/i_croc/i_core_wrap/_5838_/A2 (sg13g2_a22oi_1)
     3    0.02    0.18    0.16    3.04 ^ i_croc_soc/i_croc/i_core_wrap/_5838_/Y (sg13g2_a22oi_1)
                  0.18    0.00    3.04 ^ i_croc_soc/i_croc/i_core_wrap/_6027_/B1 (sg13g2_a21oi_2)
     5    0.03    0.11    0.12    3.16 v i_croc_soc/i_croc/i_core_wrap/_6027_/Y (sg13g2_a21oi_2)
                  0.11    0.00    3.16 v i_croc_soc/i_croc/i_core_wrap/_6234_/A1 (sg13g2_o21ai_1)
     3    0.01    0.15    0.17    3.33 ^ i_croc_soc/i_croc/i_core_wrap/_6234_/Y (sg13g2_o21ai_1)
                  0.15    0.00    3.33 ^ i_croc_soc/i_croc/i_core_wrap/_6239_/A1 (sg13g2_a221oi_1)
     2    0.01    0.11    0.14    3.47 v i_croc_soc/i_croc/i_core_wrap/_6239_/Y (sg13g2_a221oi_1)
                  0.11    0.00    3.47 v i_croc_soc/i_croc/i_core_wrap/_6252_/A0 (sg13g2_mux2_1)
     1    0.01    0.04    0.15    3.62 v i_croc_soc/i_croc/i_core_wrap/_6252_/X (sg13g2_mux2_1)
                  0.04    0.00    3.62 v i_croc_soc/i_croc/i_core_wrap/_6253_/B (sg13g2_xor2_1)
     2    0.03    0.20    0.18    3.80 v i_croc_soc/i_croc/i_core_wrap/_6253_/X (sg13g2_xor2_1)
                  0.20    0.00    3.80 v i_croc_soc/i_croc/i_core_wrap/_7189_/A2 (sg13g2_a221oi_1)
     1    0.00    0.13    0.20    4.01 ^ i_croc_soc/i_croc/i_core_wrap/_7189_/Y (sg13g2_a221oi_1)
                  0.13    0.00    4.01 ^ i_croc_soc/i_croc/i_core_wrap/_7191_/A (sg13g2_nor2_1)
     4    0.01    0.08    0.11    4.11 v i_croc_soc/i_croc/i_core_wrap/_7191_/Y (sg13g2_nor2_1)
                  0.08    0.00    4.11 v i_croc_soc/i_croc/i_core_wrap/_8382_/A_N (sg13g2_nand2b_1)
     4    0.01    0.09    0.14    4.25 v i_croc_soc/i_croc/i_core_wrap/_8382_/Y (sg13g2_nand2b_1)
                  0.09    0.00    4.25 v i_croc_soc/i_croc/i_core_wrap/_8802_/A1 (sg13g2_mux2_1)
     6    0.03    0.11    0.22    4.47 v i_croc_soc/i_croc/i_core_wrap/_8802_/X (sg13g2_mux2_1)
                  0.11    0.00    4.47 v i_croc_soc/i_croc/_3666_/D (sg13g2_nor4_1)
     1    0.00    0.14    0.14    4.60 ^ i_croc_soc/i_croc/_3666_/Y (sg13g2_nor4_1)
                  0.14    0.00    4.60 ^ i_croc_soc/i_croc/_3669_/B (sg13g2_nand4_1)
     3    0.02    0.22    0.24    4.85 v i_croc_soc/i_croc/_3669_/Y (sg13g2_nand4_1)
                  0.22    0.00    4.85 v i_croc_soc/i_croc/_3680_/B (sg13g2_nor3_2)
     5    0.02    0.16    0.19    5.04 ^ i_croc_soc/i_croc/_3680_/Y (sg13g2_nor3_2)
                  0.16    0.00    5.04 ^ i_croc_soc/i_croc/_3689_/A (sg13g2_nand3_1)
     1    0.00    0.08    0.10    5.14 v i_croc_soc/i_croc/_3689_/Y (sg13g2_nand3_1)
                  0.08    0.00    5.14 v i_croc_soc/i_croc/_3691_/C (sg13g2_nand4_1)
     2    0.01    0.06    0.08    5.22 ^ i_croc_soc/i_croc/_3691_/Y (sg13g2_nand4_1)
                  0.06    0.00    5.22 ^ i_croc_soc/i_croc/_3716_/B (sg13g2_nand3_1)
     3    0.01    0.17    0.14    5.36 v i_croc_soc/i_croc/_3716_/Y (sg13g2_nand3_1)
                  0.17    0.00    5.36 v i_croc_soc/i_croc/_3839_/A (sg13g2_nand2_2)
     8    0.03    0.10    0.12    5.48 ^ i_croc_soc/i_croc/_3839_/Y (sg13g2_nand2_2)
                  0.10    0.00    5.48 ^ i_croc_soc/i_croc/_5967_/D (sg13g2_nor4_1)
     1    0.00    0.06    0.06    5.54 v i_croc_soc/i_croc/_5967_/Y (sg13g2_nor4_1)
                  0.06    0.00    5.54 v i_croc_soc/i_croc/_5968_/B1 (sg13g2_a21oi_1)
     3    0.01    0.13    0.13    5.67 ^ i_croc_soc/i_croc/_5968_/Y (sg13g2_a21oi_1)
                  0.13    0.00    5.67 ^ i_croc_soc/i_croc/_5969_/A (sg13g2_inv_1)
     3    0.01    0.06    0.08    5.76 v i_croc_soc/i_croc/_5969_/Y (sg13g2_inv_1)
                  0.06    0.00    5.76 v i_croc_soc/i_croc/_5973_/A (sg13g2_or2_1)
     3    0.01    0.05    0.13    5.89 v i_croc_soc/i_croc/_5973_/X (sg13g2_or2_1)
                  0.05    0.00    5.89 v i_croc_soc/i_croc/_5974_/B (sg13g2_nand2_1)
     2    0.01    0.05    0.06    5.95 ^ i_croc_soc/i_croc/_5974_/Y (sg13g2_nand2_1)
                  0.05    0.00    5.95 ^ i_croc_soc/i_croc/_5977_/A (sg13g2_and2_2)
     8    0.04    0.11    0.17    6.11 ^ i_croc_soc/i_croc/_5977_/X (sg13g2_and2_2)
                  0.11    0.00    6.12 ^ place10355/A (sg13g2_buf_1)
     8    0.03    0.11    0.16    6.27 ^ place10355/X (sg13g2_buf_1)
                  0.11    0.00    6.27 ^ place10358/A (sg13g2_buf_1)
     8    0.03    0.15    0.18    6.46 ^ place10358/X (sg13g2_buf_1)
                  0.15    0.00    6.46 ^ i_croc_soc/i_croc/_7530_/A (sg13g2_nand3_1)
     1    0.01    0.09    0.11    6.57 v i_croc_soc/i_croc/_7530_/Y (sg13g2_nand3_1)
                  0.09    0.00    6.57 v i_croc_soc/i_croc/_7531_/B (sg13g2_and2_1)
     1    0.00    0.03    0.10    6.67 v i_croc_soc/i_croc/_7531_/X (sg13g2_and2_1)
                  0.03    0.00    6.67 v i_croc_soc/i_user/_099_/D (sg13g2_nor4_1)
     1    0.00    0.14    0.12    6.79 ^ i_croc_soc/i_user/_099_/Y (sg13g2_nor4_1)
                  0.14    0.00    6.79 ^ i_croc_soc/i_user/_102_/B (sg13g2_nand4_1)
     1    0.01    0.14    0.17    6.95 v i_croc_soc/i_user/_102_/Y (sg13g2_nand4_1)
                  0.14    0.00    6.95 v i_croc_soc/i_user/_103_/B (sg13g2_nor4_2)
     3    0.01    0.17    0.22    7.17 ^ i_croc_soc/i_user/_103_/Y (sg13g2_nor4_2)
                  0.17    0.00    7.17 ^ i_croc_soc/i_user/_104_/S (sg13g2_mux2_1)
     1    0.01    0.05    0.22    7.39 v i_croc_soc/i_user/_104_/X (sg13g2_mux2_1)
                  0.05    0.00    7.39 v i_croc_soc/i_user/_105_/S (sg13g2_mux2_2)
     3    0.01    0.05    0.16    7.55 v i_croc_soc/i_user/_105_/X (sg13g2_mux2_2)
                  0.05    0.00    7.55 v i_croc_soc/i_user/_139_/B (sg13g2_nor2_1)
     2    0.01    0.10    0.10    7.65 ^ i_croc_soc/i_user/_139_/Y (sg13g2_nor2_1)
                  0.10    0.00    7.65 ^ i_croc_soc/i_croc/_5966_/B (sg13g2_nand2_2)
     2    0.01    0.04    0.07    7.72 v i_croc_soc/i_croc/_5966_/Y (sg13g2_nand2_2)
                  0.04    0.00    7.72 v i_croc_soc/i_croc/_6504_/A (sg13g2_nor2_1)
     2    0.02    0.16    0.14    7.87 ^ i_croc_soc/i_croc/_6504_/Y (sg13g2_nor2_1)
                  0.16    0.00    7.87 ^ i_croc_soc/i_croc/_6511_/A1 (sg13g2_a21oi_1)
     1    0.00    0.07    0.10    7.96 v i_croc_soc/i_croc/_6511_/Y (sg13g2_a21oi_1)
                  0.07    0.00    7.97 v i_croc_soc/i_croc/_6512_/B1 (sg13g2_o21ai_1)
     2    0.01    0.11    0.06    8.03 ^ i_croc_soc/i_croc/_6512_/Y (sg13g2_o21ai_1)
                  0.11    0.00    8.03 ^ i_croc_soc/i_croc/_6518_/D (sg13g2_and4_1)
     1    0.00    0.05    0.18    8.21 ^ i_croc_soc/i_croc/_6518_/X (sg13g2_and4_1)
                  0.05    0.00    8.21 ^ i_croc_soc/i_croc/_6519_/B2 (sg13g2_a22oi_1)
     3    0.02    0.12    0.11    8.32 v i_croc_soc/i_croc/_6519_/Y (sg13g2_a22oi_1)
                  0.12    0.00    8.32 v i_croc_soc/i_croc/_6529_/A (sg13g2_nor2_2)
     2    0.02    0.09    0.12    8.44 ^ i_croc_soc/i_croc/_6529_/Y (sg13g2_nor2_2)
                  0.09    0.00    8.44 ^ i_croc_soc/i_croc/i_core_wrap/_6731_/A (sg13g2_inv_1)
     3    0.01    0.05    0.07    8.52 v i_croc_soc/i_croc/i_core_wrap/_6731_/Y (sg13g2_inv_1)
                  0.05    0.00    8.52 v i_croc_soc/i_croc/i_core_wrap/_6738_/A (sg13g2_nor2_1)
     1    0.00    0.07    0.07    8.59 ^ i_croc_soc/i_croc/i_core_wrap/_6738_/Y (sg13g2_nor2_1)
                  0.07    0.00    8.59 ^ i_croc_soc/i_croc/i_core_wrap/_6740_/A2 (sg13g2_a21oi_1)
     1    0.01    0.07    0.08    8.67 v i_croc_soc/i_croc/i_core_wrap/_6740_/Y (sg13g2_a21oi_1)
                  0.07    0.00    8.67 v i_croc_soc/i_croc/i_core_wrap/_6742_/B (sg13g2_nor3_1)
     1    0.00    0.10    0.12    8.80 ^ i_croc_soc/i_croc/i_core_wrap/_6742_/Y (sg13g2_nor3_1)
                  0.10    0.00    8.80 ^ i_croc_soc/i_croc/i_core_wrap/_6743_/B1 (sg13g2_a21oi_1)
     1    0.00    0.06    0.06    8.85 v i_croc_soc/i_croc/i_core_wrap/_6743_/Y (sg13g2_a21oi_1)
                  0.06    0.00    8.85 v i_croc_soc/i_croc/i_core_wrap/_6744_/B1 (sg13g2_o21ai_1)
     1    0.00    0.11    0.06    8.91 ^ i_croc_soc/i_croc/i_core_wrap/_6744_/Y (sg13g2_o21ai_1)
                  0.11    0.00    8.91 ^ i_croc_soc/i_croc/i_core_wrap/_6745_/B1 (sg13g2_o21ai_1)
     2    0.01    0.07    0.09    9.00 v i_croc_soc/i_croc/i_core_wrap/_6745_/Y (sg13g2_o21ai_1)
                  0.07    0.00    9.00 v place9953/A (sg13g2_buf_1)
     6    0.02    0.08    0.13    9.13 v place9953/X (sg13g2_buf_1)
                  0.08    0.00    9.13 v place9956/A (sg13g2_buf_1)
     8    0.04    0.12    0.17    9.30 v place9956/X (sg13g2_buf_1)
                  0.12    0.00    9.30 v i_croc_soc/i_croc/i_core_wrap/_6760_/S (sg13g2_mux2_1)
     1    0.00    0.04    0.16    9.46 ^ i_croc_soc/i_croc/i_core_wrap/_6760_/X (sg13g2_mux2_1)
                  0.04    0.00    9.46 ^ i_croc_soc/i_croc/i_core_wrap/i_core.crash_dump_o_39__reg/D (sg13g2_dfrbpq_1)
                                  9.46   data arrival time

                  0.20   10.00   10.00   clock clk_sys (rise edge)
                          0.00   10.00   clock network delay (ideal)
                         -0.10    9.90   clock uncertainty
                          0.00    9.90   clock reconvergence pessimism
                                  9.90 ^ i_croc_soc/i_croc/i_core_wrap/i_core.crash_dump_o_39__reg/CLK (sg13g2_dfrbpq_1)
                         -0.09    9.81   library setup time
                                  9.81   data required time
-----------------------------------------------------------------------------
                                  9.81   data required time
                                 -9.46   data arrival time
-----------------------------------------------------------------------------
                                  0.35   slack (MET)



==========================================================================
02_croc.placed report_check_types -max_slew -max_cap -max_fanout -violators
--------------------------------------------------------------------------

==========================================================================
02_croc.placed max_slew_check_slack
--------------------------------------------------------------------------
-2.4305672645568848

==========================================================================
02_croc.placed max_slew_check_limit
--------------------------------------------------------------------------
1.2000000476837158

==========================================================================
02_croc.placed max_slew_check_slack_limit
--------------------------------------------------------------------------
-2.0255

==========================================================================
02_croc.placed max_fanout_check_slack
--------------------------------------------------------------------------
0.0

==========================================================================
02_croc.placed max_fanout_check_limit
--------------------------------------------------------------------------
8.0

==========================================================================
02_croc.placed max_fanout_check_slack_limit
--------------------------------------------------------------------------
0.0000

==========================================================================
02_croc.placed max_capacitance_check_slack
--------------------------------------------------------------------------
-11.160959243774414

==========================================================================
02_croc.placed max_capacitance_check_limit
--------------------------------------------------------------------------
4.21304988861084

==========================================================================
02_croc.placed max_capacitance_check_slack_limit
--------------------------------------------------------------------------
-2.6491

==========================================================================
02_croc.placed max_slew_violation_count
--------------------------------------------------------------------------
max slew violation count 71

==========================================================================
02_croc.placed max_fanout_violation_count
--------------------------------------------------------------------------
max fanout violation count 0

==========================================================================
02_croc.placed max_cap_violation_count
--------------------------------------------------------------------------
max cap violation count 199

==========================================================================
02_croc.placed setup_violation_count
--------------------------------------------------------------------------
setup violation count 0

==========================================================================
02_croc.placed hold_violation_count
--------------------------------------------------------------------------
hold violation count 0

==========================================================================
02_croc.placed critical path delay
--------------------------------------------------------------------------
9.4624

==========================================================================
02_croc.placed critical path slack
--------------------------------------------------------------------------
0.3461

==========================================================================
02_croc.placed slack div critical path delay
--------------------------------------------------------------------------
3.657634

==========================================================================
02_croc.placed report_power tt
--------------------------------------------------------------------------
Group                  Internal  Switching    Leakage      Total
                          Power      Power      Power      Power (Watts)
----------------------------------------------------------------
Sequential             2.20e-02   1.76e-04   1.95e-06   2.22e-02  53.6%
Combinational          5.44e-04   7.22e-04   3.72e-06   1.27e-03   3.1%
Clock                  9.32e-07   5.26e-07   3.09e-10   1.46e-06   0.0%
Macro                  1.27e-02   0.00e+00   3.96e-07   1.27e-02  30.6%
Pad                    2.80e-04   5.03e-03   1.08e-07   5.31e-03  12.8%
----------------------------------------------------------------
Total                  3.55e-02   5.92e-03   6.17e-06   4.15e-02 100.0%
                          85.7%      14.3%       0.0%

==========================================================================
02_croc.placed report_design_area
--------------------------------------------------------------------------

==========================================================================
02_croc.placed area by hierarchy
--------------------------------------------------------------------------

--------------------------------------------------------------------------------
Design Area Summary
--------------------------------------------------------------------------------
Die Area:              3671056.0 um2
Core Area:             1571081.7024 um2
Total Area:            2161206.3552 um2
Total Active Area:     698486.3552 um2

Core Utilization:      0.44458945332568334
Std Cell Utilization:  0.3698401496831714

--------------------------------------------------------------------------------
Hierarchical Area Report
--------------------------------------------------------------------------------
                                                                                Global Area (um^2)                                                              Global Instances                                                                Local Area (um^2)                                                               Local Instances
                                                                                ------------------------------------------------------------------------------- ------------------------------------------------------------------------------- ------------------------------------------------------------------------------- ----------------------------------------------------------------------------
Hierarchy Name                                                                  Total           StdCell         Macro           Cover           Pad             Total           StdCell         Macro           Cover           Pad             Total           StdCell         Macro           Cover           Pad             Total           StdCell         Macro           Cover           Pad             
-----------------------------------------------------------------------------------------------------------------------------------------------------------------------------------------------------------------------------------------------------------------------------------------------------------------------------------------------------------------------------------------------------------
<top>                                                                           2161206.355     512125.286      186361.069      313600.000      1149120.000     33373           33055           2               64              252             1492240.288     29520.288       0.000           313600.000      1149120.000     4344            4028            0               64              252             
  i_croc_soc                                                                    668966.067      482604.998      186361.069      0.000           0.000           29029           29027           2               0               0               203.213         203.213         0.000           0.000           0.000           5               5               0               0               0               
    i_croc                                                                      667177.069      480816.000      186361.069      0.000           0.000           28927           28925           2               0               0               45664.819       45664.819       0.000           0.000           0.000           4424            4424            0               0               0               
      gen_sram_bank\[0\].i_sram                                                 94944.131       1763.597        93180.534       0.000           0.000           186             185             1               0               0               94944.131       1763.597        93180.534       0.000           0.000           186             185             1               0               0               
      gen_sram_bank\[1\].i_sram                                                 94944.131       1763.597        93180.534       0.000           0.000           186             185             1               0               0               94944.131       1763.597        93180.534       0.000           0.000           186             185             1               0               0               
      i_bootrom                                                                 4169.491        4169.491        0.000           0.000           0.000           371             371             0               0               0               4169.491        4169.491        0.000           0.000           0.000           371             371             0               0               0               
      i_clint                                                                   15489.533       15489.533       0.000           0.000           0.000           824             824             0               0               0               15391.555       15391.555       0.000           0.000           0.000           822             822             0               0               0               
        i_sync                                                                  97.978          97.978          0.000           0.000           0.000           2               2               0               0               0               97.978          97.978          0.000           0.000           0.000           2               2               0               0               0               
      i_core_wrap                                                               213964.934      213964.934      0.000           0.000           0.000           11778           11778           0               0               0               67034.822       67034.822       0.000           0.000           0.000           5054            5054            0               0               0               
        i_core.cs_registers_i                                                   52759.123       52759.123       0.000           0.000           0.000           3134            3134            0               0               0               52759.123       52759.123       0.000           0.000           0.000           3134            3134            0               0               0               
        i_core.register_file_i                                                  94170.989       94170.989       0.000           0.000           0.000           3590            3590            0               0               0               94170.989       94170.989       0.000           0.000           0.000           3590            3590            0               0               0               
      i_dm_top.i_dm_top                                                         72523.382       72523.382       0.000           0.000           0.000           4698            4698            0               0               0               72523.382       72523.382       0.000           0.000           0.000           4698            4698            0               0               0               
      i_dmi_jtag                                                                38009.866       38009.866       0.000           0.000           0.000           2042            2042            0               0               0               15113.952       15113.952       0.000           0.000           0.000           924             924             0               0               0               
        i_dmi_cdc.i_cdc_req                                                     12127.450       12127.450       0.000           0.000           0.000           585             585             0               0               0               232.243         232.243         0.000           0.000           0.000           8               8               0               0               0               
          i_cdc_reset_ctrlr                                                     3628.800        3628.800        0.000           0.000           0.000           225             225             0               0               0               0.000           0.000           0.000           0.000           0.000           0               0               0               0               0               
            i_cdc_reset_ctrlr_half_a                                            1810.771        1810.771        0.000           0.000           0.000           112             112             0               0               0               956.189         956.189         0.000           0.000           0.000           74              74              0               0               0               
              i_state_transition_cdc_dst                                        326.592         326.592         0.000           0.000           0.000           14              14              0               0               0               228.614         228.614         0.000           0.000           0.000           12              12              0               0               0               
                i_sync                                                          97.978          97.978          0.000           0.000           0.000           2               2               0               0               0               97.978          97.978          0.000           0.000           0.000           2               2               0               0               0               
              i_state_transition_cdc_src                                        527.990         527.990         0.000           0.000           0.000           24              24              0               0               0               430.013         430.013         0.000           0.000           0.000           22              22              0               0               0               
                i_sync                                                          97.978          97.978          0.000           0.000           0.000           2               2               0               0               0               97.978          97.978          0.000           0.000           0.000           2               2               0               0               0               
            i_cdc_reset_ctrlr_half_b                                            1818.029        1818.029        0.000           0.000           0.000           113             113             0               0               0               963.446         963.446         0.000           0.000           0.000           75              75              0               0               0               
              i_state_transition_cdc_dst                                        326.592         326.592         0.000           0.000           0.000           14              14              0               0               0               228.614         228.614         0.000           0.000           0.000           12              12              0               0               0               
                i_sync                                                          97.978          97.978          0.000           0.000           0.000           2               2               0               0               0               97.978          97.978          0.000           0.000           0.000           2               2               0               0               0               
              i_state_transition_cdc_src                                        527.990         527.990         0.000           0.000           0.000           24              24              0               0               0               430.013         430.013         0.000           0.000           0.000           22              22              0               0               0               
                i_sync                                                          97.978          97.978          0.000           0.000           0.000           2               2               0               0               0               97.978          97.978          0.000           0.000           0.000           2               2               0               0               0               
          i_dst                                                                 4207.594        4207.594        0.000           0.000           0.000           177             177             0               0               0               4060.627        4060.627        0.000           0.000           0.000           174             174             0               0               0               
            i_sync                                                              146.966         146.966         0.000           0.000           0.000           3               3               0               0               0               146.966         146.966         0.000           0.000           0.000           3               3               0               0               0               
          i_src                                                                 4058.813        4058.813        0.000           0.000           0.000           175             175             0               0               0               3911.846        3911.846        0.000           0.000           0.000           172             172             0               0               0               
            i_sync                                                              146.966         146.966         0.000           0.000           0.000           3               3               0               0               0               146.966         146.966         0.000           0.000           0.000           3               3               0               0               0               
        i_dmi_cdc.i_cdc_resp                                                    10744.877       10744.877       0.000           0.000           0.000           531             531             0               0               0               239.501         239.501         0.000           0.000           0.000           9               9               0               0               0               
          i_cdc_reset_ctrlr                                                     3601.584        3601.584        0.000           0.000           0.000           226             226             0               0               0               0.000           0.000           0.000           0.000           0.000           0               0               0               0               0               
            i_cdc_reset_ctrlr_half_a                                            1790.813        1790.813        0.000           0.000           0.000           114             114             0               0               0               936.230         936.230         0.000           0.000           0.000           76              76              0               0               0               
              i_state_transition_cdc_dst                                        326.592         326.592         0.000           0.000           0.000           14              14              0               0               0               228.614         228.614         0.000           0.000           0.000           12              12              0               0               0               
                i_sync                                                          97.978          97.978          0.000           0.000           0.000           2               2               0               0               0               97.978          97.978          0.000           0.000           0.000           2               2               0               0               0               
              i_state_transition_cdc_src                                        527.990         527.990         0.000           0.000           0.000           24              24              0               0               0               430.013         430.013         0.000           0.000           0.000           22              22              0               0               0               
                i_sync                                                          97.978          97.978          0.000           0.000           0.000           2               2               0               0               0               97.978          97.978          0.000           0.000           0.000           2               2               0               0               0               
            i_cdc_reset_ctrlr_half_b                                            1810.771        1810.771        0.000           0.000           0.000           112             112             0               0               0               956.189         956.189         0.000           0.000           0.000           74              74              0               0               0               
              i_state_transition_cdc_dst                                        326.592         326.592         0.000           0.000           0.000           14              14              0               0               0               228.614         228.614         0.000           0.000           0.000           12              12              0               0               0               
                i_sync                                                          97.978          97.978          0.000           0.000           0.000           2               2               0               0               0               97.978          97.978          0.000           0.000           0.000           2               2               0               0               0               
              i_state_transition_cdc_src                                        527.990         527.990         0.000           0.000           0.000           24              24              0               0               0               430.013         430.013         0.000           0.000           0.000           22              22              0               0               0               
                i_sync                                                          97.978          97.978          0.000           0.000           0.000           2               2               0               0               0               97.978          97.978          0.000           0.000           0.000           2               2               0               0               0               
          i_dst                                                                 3483.648        3483.648        0.000           0.000           0.000           149             149             0               0               0               3336.682        3336.682        0.000           0.000           0.000           146             146             0               0               0               
            i_sync                                                              146.966         146.966         0.000           0.000           0.000           3               3               0               0               0               146.966         146.966         0.000           0.000           0.000           3               3               0               0               0               
          i_src                                                                 3420.144        3420.144        0.000           0.000           0.000           147             147             0               0               0               3273.178        3273.178        0.000           0.000           0.000           144             144             0               0               0               
            i_sync                                                              146.966         146.966         0.000           0.000           0.000           3               3               0               0               0               146.966         146.966         0.000           0.000           0.000           3               3               0               0               0               
        i_dmi_jtag_tap.i_dft_tck_mux                                            18.144          18.144          0.000           0.000           0.000           1               1               0               0               0               18.144          18.144          0.000           0.000           0.000           1               1               0               0               0               
        i_dmi_jtag_tap.i_tck_inv                                                5.443           5.443           0.000           0.000           0.000           1               1               0               0               0               5.443           5.443           0.000           0.000           0.000           1               1               0               0               0               
      i_gpio                                                                    26907.552       26907.552       0.000           0.000           0.000           1377            1377            0               0               0               23772.269       23772.269       0.000           0.000           0.000           1313            1313            0               0               0               
        gen_gpios\[0\].i_sync                                                   97.978          97.978          0.000           0.000           0.000           2               2               0               0               0               97.978          97.978          0.000           0.000           0.000           2               2               0               0               0               
        gen_gpios\[10\].i_sync                                                  97.978          97.978          0.000           0.000           0.000           2               2               0               0               0               97.978          97.978          0.000           0.000           0.000           2               2               0               0               0               
        gen_gpios\[11\].i_sync                                                  97.978          97.978          0.000           0.000           0.000           2               2               0               0               0               97.978          97.978          0.000           0.000           0.000           2               2               0               0               0               
        gen_gpios\[12\].i_sync                                                  97.978          97.978          0.000           0.000           0.000           2               2               0               0               0               97.978          97.978          0.000           0.000           0.000           2               2               0               0               0               
        gen_gpios\[13\].i_sync                                                  97.978          97.978          0.000           0.000           0.000           2               2               0               0               0               97.978          97.978          0.000           0.000           0.000           2               2               0               0               0               
        gen_gpios\[14\].i_sync                                                  97.978          97.978          0.000           0.000           0.000           2               2               0               0               0               97.978          97.978          0.000           0.000           0.000           2               2               0               0               0               
        gen_gpios\[15\].i_sync                                                  97.978          97.978          0.000           0.000           0.000           2               2               0               0               0               97.978          97.978          0.000           0.000           0.000           2               2               0               0               0               
        gen_gpios\[16\].i_sync                                                  97.978          97.978          0.000           0.000           0.000           2               2               0               0               0               97.978          97.978          0.000           0.000           0.000           2               2               0               0               0               
        gen_gpios\[17\].i_sync                                                  97.978          97.978          0.000           0.000           0.000           2               2               0               0               0               97.978          97.978          0.000           0.000           0.000           2               2               0               0               0               
        gen_gpios\[18\].i_sync                                                  97.978          97.978          0.000           0.000           0.000           2               2               0               0               0               97.978          97.978          0.000           0.000           0.000           2               2               0               0               0               
        gen_gpios\[19\].i_sync                                                  97.978          97.978          0.000           0.000           0.000           2               2               0               0               0               97.978          97.978          0.000           0.000           0.000           2               2               0               0               0               
        gen_gpios\[1\].i_sync                                                   97.978          97.978          0.000           0.000           0.000           2               2               0               0               0               97.978          97.978          0.000           0.000           0.000           2               2               0               0               0               
        gen_gpios\[20\].i_sync                                                  97.978          97.978          0.000           0.000           0.000           2               2               0               0               0               97.978          97.978          0.000           0.000           0.000           2               2               0               0               0               
        gen_gpios\[21\].i_sync                                                  97.978          97.978          0.000           0.000           0.000           2               2               0               0               0               97.978          97.978          0.000           0.000           0.000           2               2               0               0               0               
        gen_gpios\[22\].i_sync                                                  97.978          97.978          0.000           0.000           0.000           2               2               0               0               0               97.978          97.978          0.000           0.000           0.000           2               2               0               0               0               
        gen_gpios\[23\].i_sync                                                  97.978          97.978          0.000           0.000           0.000           2               2               0               0               0               97.978          97.978          0.000           0.000           0.000           2               2               0               0               0               
        gen_gpios\[24\].i_sync                                                  97.978          97.978          0.000           0.000           0.000           2               2               0               0               0               97.978          97.978          0.000           0.000           0.000           2               2               0               0               0               
        gen_gpios\[25\].i_sync                                                  97.978          97.978          0.000           0.000           0.000           2               2               0               0               0               97.978          97.978          0.000           0.000           0.000           2               2               0               0               0               
        gen_gpios\[26\].i_sync                                                  97.978          97.978          0.000           0.000           0.000           2               2               0               0               0               97.978          97.978          0.000           0.000           0.000           2               2               0               0               0               
        gen_gpios\[27\].i_sync                                                  97.978          97.978          0.000           0.000           0.000           2               2               0               0               0               97.978          97.978          0.000           0.000           0.000           2               2               0               0               0               
        gen_gpios\[28\].i_sync                                                  97.978          97.978          0.000           0.000           0.000           2               2               0               0               0               97.978          97.978          0.000           0.000           0.000           2               2               0               0               0               
        gen_gpios\[29\].i_sync                                                  97.978          97.978          0.000           0.000           0.000           2               2               0               0               0               97.978          97.978          0.000           0.000           0.000           2               2               0               0               0               
        gen_gpios\[2\].i_sync                                                   97.978          97.978          0.000           0.000           0.000           2               2               0               0               0               97.978          97.978          0.000           0.000           0.000           2               2               0               0               0               
        gen_gpios\[30\].i_sync                                                  97.978          97.978          0.000           0.000           0.000           2               2               0               0               0               97.978          97.978          0.000           0.000           0.000           2               2               0               0               0               
        gen_gpios\[31\].i_sync                                                  97.978          97.978          0.000           0.000           0.000           2               2               0               0               0               97.978          97.978          0.000           0.000           0.000           2               2               0               0               0               
        gen_gpios\[3\].i_sync                                                   97.978          97.978          0.000           0.000           0.000           2               2               0               0               0               97.978          97.978          0.000           0.000           0.000           2               2               0               0               0               
        gen_gpios\[4\].i_sync                                                   97.978          97.978          0.000           0.000           0.000           2               2               0               0               0               97.978          97.978          0.000           0.000           0.000           2               2               0               0               0               
        gen_gpios\[5\].i_sync                                                   97.978          97.978          0.000           0.000           0.000           2               2               0               0               0               97.978          97.978          0.000           0.000           0.000           2               2               0               0               0               
        gen_gpios\[6\].i_sync                                                   97.978          97.978          0.000           0.000           0.000           2               2               0               0               0               97.978          97.978          0.000           0.000           0.000           2               2               0               0               0               
        gen_gpios\[7\].i_sync                                                   97.978          97.978          0.000           0.000           0.000           2               2               0               0               0               97.978          97.978          0.000           0.000           0.000           2               2               0               0               0               
        gen_gpios\[8\].i_sync                                                   97.978          97.978          0.000           0.000           0.000           2               2               0               0               0               97.978          97.978          0.000           0.000           0.000           2               2               0               0               0               
        gen_gpios\[9\].i_sync                                                   97.978          97.978          0.000           0.000           0.000           2               2               0               0               0               97.978          97.978          0.000           0.000           0.000           2               2               0               0               0               
      i_obi_timer                                                               10307.606       10307.606       0.000           0.000           0.000           582             582             0               0               0               10307.606       10307.606       0.000           0.000           0.000           582             582             0               0               0               
      i_soc_ctrl                                                                6471.965        6471.965        0.000           0.000           0.000           397             397             0               0               0               6471.965        6471.965        0.000           0.000           0.000           397             397             0               0               0               
      i_uart                                                                    43779.658       43779.658       0.000           0.000           0.000           2062            2062            0               0               0               43260.739       43260.739       0.000           0.000           0.000           2048            2048            0               0               0               
        i_uart_modem.i_sync_cd                                                  105.235         105.235         0.000           0.000           0.000           3               3               0               0               0               105.235         105.235         0.000           0.000           0.000           3               3               0               0               0               
        i_uart_modem.i_sync_cts                                                 105.235         105.235         0.000           0.000           0.000           3               3               0               0               0               105.235         105.235         0.000           0.000           0.000           3               3               0               0               0               
        i_uart_modem.i_sync_dsr                                                 105.235         105.235         0.000           0.000           0.000           3               3               0               0               0               105.235         105.235         0.000           0.000           0.000           3               3               0               0               0               
        i_uart_modem.i_sync_ri                                                  105.235         105.235         0.000           0.000           0.000           3               3               0               0               0               105.235         105.235         0.000           0.000           0.000           3               3               0               0               0               
        i_uart_rx.i_sync                                                        97.978          97.978          0.000           0.000           0.000           2               2               0               0               0               97.978          97.978          0.000           0.000           0.000           2               2               0               0               0               
    i_rstgen.i_rstgen_bypass.i_tc_clk_mux2_init_no                              25.402          25.402          0.000           0.000           0.000           2               2               0               0               0               25.402          25.402          0.000           0.000           0.000           2               2               0               0               0               
    i_rstgen.i_rstgen_bypass.i_tc_clk_mux2_rst_n                                18.144          18.144          0.000           0.000           0.000           1               1               0               0               0               18.144          18.144          0.000           0.000           0.000           1               1               0               0               0               
    i_rstgen.i_rstgen_bypass.i_tc_clk_mux2_rst_no                               19.958          19.958          0.000           0.000           0.000           1               1               0               0               0               19.958          19.958          0.000           0.000           0.000           1               1               0               0               0               
    i_user                                                                      1522.282        1522.282        0.000           0.000           0.000           93              93              0               0               0               1522.282        1522.282        0.000           0.000           0.000           93              93              0               0               0               
